build/app/intermediates/manifest_merge_blame_file/release/manifest-merger-blame-release-report.txt
1<?xml version="1.0" encoding="utf-8"?>
2<manifest xmlns:android="http://schemas.android.com/apk/res/android"
3    package="com.o3interactive.ijawnation"
4    android:versionCode="8"
5    android:versionName="1.8.0" >
6
7    <uses-sdk
8        android:minSdkVersion="21"
8-->src\main\AndroidManifest.xml
9        android:targetSdkVersion="31" />
9-->src\main\AndroidManifest.xml
10
11    <uses-permission android:name="android.permission.INTERNET" />
11-->src\main\AndroidManifest.xml:4:3-64
11-->src\main\AndroidManifest.xml:4:20-62
12    <uses-permission android:name="android.permission.QUERY_ALL_PACKAGES" />
12-->src\main\AndroidManifest.xml:5:3-74
12-->src\main\AndroidManifest.xml:5:20-72
13
14    <queries>
14-->src\main\AndroidManifest.xml:8:5-19:15
15
16        <!-- If your app opens https URLs -->
17        <intent>
17-->src\main\AndroidManifest.xml:10:9-13:18
18            <action android:name="android.intent.action.VIEW" />
18-->src\main\AndroidManifest.xml:11:13-65
18-->src\main\AndroidManifest.xml:11:21-62
19
20            <data android:scheme="https" />
20-->src\main\AndroidManifest.xml:12:13-44
20-->src\main\AndroidManifest.xml:12:19-41
21        </intent>
22        <!-- If your app emails -->
23        <intent>
23-->src\main\AndroidManifest.xml:15:9-18:18
24            <action android:name="android.intent.action.SEND" />
24-->src\main\AndroidManifest.xml:16:13-65
24-->src\main\AndroidManifest.xml:16:21-62
25
26            <data android:mimeType="*/*" />
26-->src\main\AndroidManifest.xml:12:13-44
26-->src\main\AndroidManifest.xml:17:19-41
27        </intent>
28        <intent>
28-->[:flutter_inappwebview] AndroidManifest.xml:8:9-10:18
29            <action android:name="android.support.customtabs.action.CustomTabsService" />
29-->[:flutter_inappwebview] AndroidManifest.xml:9:13-90
29-->[:flutter_inappwebview] AndroidManifest.xml:9:21-87
30        </intent> <!-- For browser content -->
31        <intent>
31-->[com.google.android.gms:play-services-ads-lite:20.4.0] AndroidManifest.xml:31:9-37:18
32            <action android:name="android.intent.action.VIEW" />
32-->src\main\AndroidManifest.xml:11:13-65
32-->src\main\AndroidManifest.xml:11:21-62
33
34            <category android:name="android.intent.category.BROWSABLE" />
34-->[com.google.android.gms:play-services-ads-lite:20.4.0] AndroidManifest.xml:34:13-74
34-->[com.google.android.gms:play-services-ads-lite:20.4.0] AndroidManifest.xml:34:23-71
35
36            <data android:scheme="https" />
36-->src\main\AndroidManifest.xml:12:13-44
36-->src\main\AndroidManifest.xml:12:19-41
37        </intent>
38    </queries>
39
40    <uses-permission android:name="android.permission.ACCESS_NETWORK_STATE" />
40-->[:firebase_analytics] AndroidManifest.xml:7:5-79
40-->[:firebase_analytics] AndroidManifest.xml:7:22-76
41    <uses-permission android:name="android.permission.WAKE_LOCK" /> <!-- Required by older versions of Google Play services to create IID tokens -->
41-->[:firebase_analytics] AndroidManifest.xml:9:5-68
41-->[:firebase_analytics] AndroidManifest.xml:9:22-65
42    <uses-permission android:name="com.google.android.c2dm.permission.RECEIVE" />
42-->[com.google.firebase:firebase-messaging:23.0.0] AndroidManifest.xml:25:5-82
42-->[com.google.firebase:firebase-messaging:23.0.0] AndroidManifest.xml:25:22-79
43    <uses-permission android:name="com.google.android.gms.permission.AD_ID" />
43-->[com.google.android.gms:play-services-ads-lite:20.4.0] AndroidManifest.xml:25:5-79
43-->[com.google.android.gms:play-services-ads-lite:20.4.0] AndroidManifest.xml:25:22-76
44    <uses-permission android:name="android.permission.RECEIVE_BOOT_COMPLETED" />
44-->[androidx.work:work-runtime:2.7.0] AndroidManifest.xml:27:5-81
44-->[androidx.work:work-runtime:2.7.0] AndroidManifest.xml:27:22-78
45    <uses-permission android:name="android.permission.FOREGROUND_SERVICE" />
45-->[androidx.work:work-runtime:2.7.0] AndroidManifest.xml:28:5-77
45-->[androidx.work:work-runtime:2.7.0] AndroidManifest.xml:28:22-74
46    <uses-permission android:name="com.google.android.finsky.permission.BIND_GET_INSTALL_REFERRER_SERVICE" />
46-->[com.google.android.gms:play-services-measurement:20.0.2] AndroidManifest.xml:26:5-110
46-->[com.google.android.gms:play-services-measurement:20.0.2] AndroidManifest.xml:26:22-107
47
48    <application
48-->src\main\AndroidManifest.xml:21:4-75:19
49        android:appComponentFactory="androidx.core.app.CoreComponentFactory"
49-->[androidx.core:core:1.7.0] AndroidManifest.xml:24:18-86
50        android:icon="@mipmap/launcher_icon"
50-->src\main\AndroidManifest.xml:23:9-45
51        android:label="Ijaw Nation"
51-->src\main\AndroidManifest.xml:22:9-36
52        android:usesCleartextTraffic="true" >
52-->src\main\AndroidManifest.xml:24:9-44
53        <activity
53-->src\main\AndroidManifest.xml:25:9-61:20
54            android:name="com.o3interactive.ijawnation.MainActivity"
54-->src\main\AndroidManifest.xml:26:13-41
55            android:configChanges="orientation|keyboardHidden|keyboard|screenSize|smallestScreenSize|locale|layoutDirection|fontScale|screenLayout|density|uiMode"
55-->src\main\AndroidManifest.xml:30:13-163
56            android:exported="true"
56-->src\main\AndroidManifest.xml:27:13-36
57            android:hardwareAccelerated="true"
57-->src\main\AndroidManifest.xml:31:13-47
58            android:launchMode="singleTop"
58-->src\main\AndroidManifest.xml:28:13-43
59            android:theme="@style/LaunchTheme"
59-->src\main\AndroidManifest.xml:29:13-47
60            android:windowSoftInputMode="adjustResize" >
60-->src\main\AndroidManifest.xml:32:13-55
61
62            <!--
63                 Specifies an Android theme to apply to this Activity as soon as
64                 the Android process has started. This theme is visible to the user
65                 while the Flutter UI initializes. After that, this theme continues
66                 to determine the Window background behind the Flutter UI.
67            -->
68            <meta-data
68-->src\main\AndroidManifest.xml:37:13-40:17
69                android:name="io.flutter.embedding.android.NormalTheme"
69-->src\main\AndroidManifest.xml:38:15-70
70                android:resource="@style/NormalTheme" />
70-->src\main\AndroidManifest.xml:39:15-52
71            <!--
72                 Displays an Android View that continues showing the launch screen
73                 Drawable until Flutter paints its first frame, then this splash
74                 screen fades out. A splash screen is useful to avoid any visual
75                 gap between the end of Android's launch screen and the painting of
76                 Flutter's first frame.
77            -->
78            <!--
79              <meta-data
80              android:name="io.flutter.embedding.android.SplashScreenDrawable"
81              android:resource="@drawable/launch_background"/>
82            -->
83
84            <intent-filter>
84-->src\main\AndroidManifest.xml:50:13-53:29
85                <action android:name="android.intent.action.MAIN" />
85-->src\main\AndroidManifest.xml:51:17-68
85-->src\main\AndroidManifest.xml:51:25-66
86
87                <category android:name="android.intent.category.LAUNCHER" />
87-->src\main\AndroidManifest.xml:52:17-76
87-->src\main\AndroidManifest.xml:52:27-74
88            </intent-filter>
89
90            <!-- new configs -->
91            <intent-filter>
91-->src\main\AndroidManifest.xml:56:13-59:29
92                <action android:name="FLUTTER_NOTIFICATION_CLICK" />
92-->src\main\AndroidManifest.xml:57:17-69
92-->src\main\AndroidManifest.xml:57:25-66
93
94                <category android:name="android.intent.category.DEFAULT" />
94-->src\main\AndroidManifest.xml:58:17-76
94-->src\main\AndroidManifest.xml:58:27-73
95            </intent-filter>
96        </activity>
97        <!--
98             Don't delete the meta-data below.
99             This is used by the Flutter tool to generate GeneratedPluginRegistrant.java
100        -->
101        <meta-data
101-->src\main\AndroidManifest.xml:64:9-66:33
102            android:name="flutterEmbedding"
102-->src\main\AndroidManifest.xml:65:13-44
103            android:value="2" />
103-->src\main\AndroidManifest.xml:66:13-30
104
105        <!-- Admob -->
106        <meta-data
106-->src\main\AndroidManifest.xml:70:9-72:69
107            android:name="com.google.android.gms.ads.APPLICATION_ID"
107-->src\main\AndroidManifest.xml:71:13-69
108            android:value="ca-app-pub-3940256099942544~3347511713" />
108-->src\main\AndroidManifest.xml:72:13-67
109
110        <service
110-->[:firebase_analytics] AndroidManifest.xml:12:9-16:19
111            android:name="com.google.firebase.components.ComponentDiscoveryService"
111-->[:firebase_analytics] AndroidManifest.xml:12:18-89
112            android:directBootAware="true"
112-->[com.google.firebase:firebase-common:20.0.0] AndroidManifest.xml:35:13-43
113            android:exported="false" >
113-->[com.google.firebase:firebase-messaging:23.0.0] AndroidManifest.xml:51:13-37
114            <meta-data
114-->[:firebase_analytics] AndroidManifest.xml:13:13-15:85
115                android:name="com.google.firebase.components:io.flutter.plugins.firebase.analytics.FlutterFirebaseAppRegistrar"
115-->[:firebase_analytics] AndroidManifest.xml:14:17-128
116                android:value="com.google.firebase.components.ComponentRegistrar" />
116-->[:firebase_analytics] AndroidManifest.xml:15:17-82
117            <meta-data
117-->[:firebase_messaging] AndroidManifest.xml:34:13-36:85
118                android:name="com.google.firebase.components:io.flutter.plugins.firebase.messaging.FlutterFirebaseAppRegistrar"
118-->[:firebase_messaging] AndroidManifest.xml:35:17-128
119                android:value="com.google.firebase.components.ComponentRegistrar" />
119-->[:firebase_messaging] AndroidManifest.xml:36:17-82
120            <meta-data
120-->[:firebase_core] AndroidManifest.xml:9:13-11:85
121                android:name="com.google.firebase.components:io.flutter.plugins.firebase.core.FlutterFirebaseCoreRegistrar"
121-->[:firebase_core] AndroidManifest.xml:10:17-124
122                android:value="com.google.firebase.components.ComponentRegistrar" />
122-->[:firebase_core] AndroidManifest.xml:11:17-82
123            <meta-data
123-->[com.google.firebase:firebase-messaging:23.0.0] AndroidManifest.xml:52:13-54:85
124                android:name="com.google.firebase.components:com.google.firebase.messaging.FirebaseMessagingRegistrar"
124-->[com.google.firebase:firebase-messaging:23.0.0] AndroidManifest.xml:53:17-119
125                android:value="com.google.firebase.components.ComponentRegistrar" />
125-->[com.google.firebase:firebase-messaging:23.0.0] AndroidManifest.xml:54:17-82
126            <meta-data
126-->[com.google.android.gms:play-services-measurement-api:20.0.2] AndroidManifest.xml:30:13-32:85
127                android:name="com.google.firebase.components:com.google.firebase.analytics.connector.internal.AnalyticsConnectorRegistrar"
127-->[com.google.android.gms:play-services-measurement-api:20.0.2] AndroidManifest.xml:31:17-139
128                android:value="com.google.firebase.components.ComponentRegistrar" />
128-->[com.google.android.gms:play-services-measurement-api:20.0.2] AndroidManifest.xml:32:17-82
129            <meta-data
129-->[com.google.firebase:firebase-datatransport:18.0.0] AndroidManifest.xml:28:13-30:85
130                android:name="com.google.firebase.components:com.google.firebase.datatransport.TransportRegistrar"
130-->[com.google.firebase:firebase-datatransport:18.0.0] AndroidManifest.xml:29:17-115
131                android:value="com.google.firebase.components.ComponentRegistrar" />
131-->[com.google.firebase:firebase-datatransport:18.0.0] AndroidManifest.xml:30:17-82
132            <meta-data
132-->[com.google.firebase:firebase-installations:17.0.0] AndroidManifest.xml:18:13-20:85
133                android:name="com.google.firebase.components:com.google.firebase.installations.FirebaseInstallationsRegistrar"
133-->[com.google.firebase:firebase-installations:17.0.0] AndroidManifest.xml:19:17-127
134                android:value="com.google.firebase.components.ComponentRegistrar" />
134-->[com.google.firebase:firebase-installations:17.0.0] AndroidManifest.xml:20:17-82
135        </service>
136        <service
136-->[:firebase_messaging] AndroidManifest.xml:12:9-15:72
137            android:name="io.flutter.plugins.firebase.messaging.FlutterFirebaseMessagingBackgroundService"
137-->[:firebase_messaging] AndroidManifest.xml:13:13-107
138            android:exported="false"
138-->[:firebase_messaging] AndroidManifest.xml:14:13-37
139            android:permission="android.permission.BIND_JOB_SERVICE" />
139-->[:firebase_messaging] AndroidManifest.xml:15:13-69
140        <service
140-->[:firebase_messaging] AndroidManifest.xml:16:9-22:19
141            android:name="io.flutter.plugins.firebase.messaging.FlutterFirebaseMessagingService"
141-->[:firebase_messaging] AndroidManifest.xml:17:13-97
142            android:exported="false" >
142-->[:firebase_messaging] AndroidManifest.xml:18:13-37
143            <intent-filter>
143-->[:firebase_messaging] AndroidManifest.xml:19:13-21:29
144                <action android:name="com.google.firebase.MESSAGING_EVENT" />
144-->[:firebase_messaging] AndroidManifest.xml:20:17-78
144-->[:firebase_messaging] AndroidManifest.xml:20:25-75
145            </intent-filter>
146        </service>
147
148        <receiver
148-->[:firebase_messaging] AndroidManifest.xml:24:9-31:20
149            android:name="io.flutter.plugins.firebase.messaging.FlutterFirebaseMessagingReceiver"
149-->[:firebase_messaging] AndroidManifest.xml:25:13-98
150            android:exported="true"
150-->[:firebase_messaging] AndroidManifest.xml:26:13-36
151            android:permission="com.google.android.c2dm.permission.SEND" >
151-->[:firebase_messaging] AndroidManifest.xml:27:13-73
152            <intent-filter>
152-->[:firebase_messaging] AndroidManifest.xml:28:13-30:29
153                <action android:name="com.google.android.c2dm.intent.RECEIVE" />
153-->[:firebase_messaging] AndroidManifest.xml:29:17-81
153-->[:firebase_messaging] AndroidManifest.xml:29:25-78
154            </intent-filter>
155        </receiver>
156
157        <provider
157-->[:firebase_messaging] AndroidManifest.xml:39:9-43:38
158            android:name="io.flutter.plugins.firebase.messaging.FlutterFirebaseMessagingInitProvider"
158-->[:firebase_messaging] AndroidManifest.xml:40:13-102
159            android:authorities="com.o3interactive.ijawnation.flutterfirebasemessaginginitprovider"
159-->[:firebase_messaging] AndroidManifest.xml:41:13-88
160            android:exported="false"
160-->[:firebase_messaging] AndroidManifest.xml:42:13-37
161            android:initOrder="99" />
161-->[:firebase_messaging] AndroidManifest.xml:43:13-35
162
163        <activity
163-->[:url_launcher_android] AndroidManifest.xml:8:9-11:74
164            android:name="io.flutter.plugins.urllauncher.WebViewActivity"
164-->[:url_launcher_android] AndroidManifest.xml:9:13-74
165            android:exported="false"
165-->[:url_launcher_android] AndroidManifest.xml:10:13-37
166            android:theme="@android:style/Theme.NoTitleBar.Fullscreen" />
166-->[:url_launcher_android] AndroidManifest.xml:11:13-71
167        <activity
167-->[:flutter_inappwebview] AndroidManifest.xml:14:9-17:47
168            android:name="com.pichillilorenzo.flutter_inappwebview.in_app_browser.InAppBrowserActivity"
168-->[:flutter_inappwebview] AndroidManifest.xml:15:13-104
169            android:configChanges="orientation|keyboardHidden|keyboard|screenSize|locale|layoutDirection|fontScale|screenLayout|density"
169-->[:flutter_inappwebview] AndroidManifest.xml:16:13-137
170            android:theme="@style/AppTheme" />
170-->[:flutter_inappwebview] AndroidManifest.xml:17:13-44
171        <activity
171-->[:flutter_inappwebview] AndroidManifest.xml:18:9-20:55
172            android:name="com.pichillilorenzo.flutter_inappwebview.chrome_custom_tabs.ChromeCustomTabsActivity"
172-->[:flutter_inappwebview] AndroidManifest.xml:19:13-112
173            android:theme="@style/ThemeTransparent" />
173-->[:flutter_inappwebview] AndroidManifest.xml:20:13-52
174
175        <receiver android:name="com.pichillilorenzo.flutter_inappwebview.chrome_custom_tabs.ActionBroadcastReceiver" />
175-->[:flutter_inappwebview] AndroidManifest.xml:22:9-120
175-->[:flutter_inappwebview] AndroidManifest.xml:22:19-117
176
177        <meta-data
177-->[:flutter_inappwebview] AndroidManifest.xml:24:9-26:36
178            android:name="io.flutter.embedded_views_preview"
178-->[:flutter_inappwebview] AndroidManifest.xml:25:13-61
179            android:value="true" />
179-->[:flutter_inappwebview] AndroidManifest.xml:26:13-33
180
181        <provider
181-->[:share] AndroidManifest.xml:8:9-16:20
182            android:name="io.flutter.plugins.share.ShareFileProvider"
182-->[:share] AndroidManifest.xml:9:13-70
183            android:authorities="com.o3interactive.ijawnation.flutter.share_provider"
183-->[:share] AndroidManifest.xml:10:13-74
184            android:exported="false"
184-->[:share] AndroidManifest.xml:11:13-37
185            android:grantUriPermissions="true" >
185-->[:share] AndroidManifest.xml:12:13-47
186            <meta-data
186-->[:share] AndroidManifest.xml:13:13-15:68
187                android:name="android.support.FILE_PROVIDER_PATHS"
187-->[:share] AndroidManifest.xml:14:17-67
188                android:resource="@xml/flutter_share_file_paths" />
188-->[:share] AndroidManifest.xml:15:17-65
189        </provider>
190
191        <uses-library
191-->[androidx.window:window:1.0.0-beta04] AndroidManifest.xml:25:9-27:40
192            android:name="androidx.window.extensions"
192-->[androidx.window:window:1.0.0-beta04] AndroidManifest.xml:26:13-54
193            android:required="false" />
193-->[androidx.window:window:1.0.0-beta04] AndroidManifest.xml:27:13-37
194        <uses-library
194-->[androidx.window:window:1.0.0-beta04] AndroidManifest.xml:28:9-30:40
195            android:name="androidx.window.sidecar"
195-->[androidx.window:window:1.0.0-beta04] AndroidManifest.xml:29:13-51
196            android:required="false" />
196-->[androidx.window:window:1.0.0-beta04] AndroidManifest.xml:30:13-37
197
198        <receiver
198-->[com.google.firebase:firebase-messaging:23.0.0] AndroidManifest.xml:28:9-35:20
199            android:name="com.google.firebase.iid.FirebaseInstanceIdReceiver"
199-->[com.google.firebase:firebase-messaging:23.0.0] AndroidManifest.xml:29:13-78
200            android:exported="true"
200-->[com.google.firebase:firebase-messaging:23.0.0] AndroidManifest.xml:30:13-36
201            android:permission="com.google.android.c2dm.permission.SEND" >
201-->[com.google.firebase:firebase-messaging:23.0.0] AndroidManifest.xml:31:13-73
202            <intent-filter>
202-->[:firebase_messaging] AndroidManifest.xml:28:13-30:29
203                <action android:name="com.google.android.c2dm.intent.RECEIVE" />
203-->[:firebase_messaging] AndroidManifest.xml:29:17-81
203-->[:firebase_messaging] AndroidManifest.xml:29:25-78
204            </intent-filter>
205        </receiver>
206        <!--
207             FirebaseMessagingService performs security checks at runtime,
208             but set to not exported to explicitly avoid allowing another app to call it.
209        -->
210        <service
210-->[com.google.firebase:firebase-messaging:23.0.0] AndroidManifest.xml:41:9-48:19
211            android:name="com.google.firebase.messaging.FirebaseMessagingService"
211-->[com.google.firebase:firebase-messaging:23.0.0] AndroidManifest.xml:42:13-82
212            android:directBootAware="true"
212-->[com.google.firebase:firebase-messaging:23.0.0] AndroidManifest.xml:43:13-43
213            android:exported="false" >
213-->[com.google.firebase:firebase-messaging:23.0.0] AndroidManifest.xml:44:13-37
214            <intent-filter android:priority="-500" >
214-->[:firebase_messaging] AndroidManifest.xml:19:13-21:29
215                <action android:name="com.google.firebase.MESSAGING_EVENT" />
215-->[:firebase_messaging] AndroidManifest.xml:20:17-78
215-->[:firebase_messaging] AndroidManifest.xml:20:25-75
216            </intent-filter>
217        </service>
218
219        <provider
219-->[com.google.firebase:firebase-common:20.0.0] AndroidManifest.xml:26:9-31:39
220            android:name="com.google.firebase.provider.FirebaseInitProvider"
220-->[com.google.firebase:firebase-common:20.0.0] AndroidManifest.xml:27:13-77
221            android:authorities="com.o3interactive.ijawnation.firebaseinitprovider"
221-->[com.google.firebase:firebase-common:20.0.0] AndroidManifest.xml:28:13-72
222            android:directBootAware="true"
222-->[com.google.firebase:firebase-common:20.0.0] AndroidManifest.xml:29:13-43
223            android:exported="false"
223-->[com.google.firebase:firebase-common:20.0.0] AndroidManifest.xml:30:13-37
224            android:initOrder="100" />
224-->[com.google.firebase:firebase-common:20.0.0] AndroidManifest.xml:31:13-36
225        <provider
225-->[androidx.lifecycle:lifecycle-process:2.2.0] AndroidManifest.xml:25:9-29:43
226            android:name="androidx.lifecycle.ProcessLifecycleOwnerInitializer"
226-->[androidx.lifecycle:lifecycle-process:2.2.0] AndroidManifest.xml:26:13-79
227            android:authorities="com.o3interactive.ijawnation.lifecycle-process"
227-->[androidx.lifecycle:lifecycle-process:2.2.0] AndroidManifest.xml:27:13-69
228            android:exported="false"
228-->[androidx.lifecycle:lifecycle-process:2.2.0] AndroidManifest.xml:28:13-37
229            android:multiprocess="true" /> <!-- Include the AdActivity and InAppPurchaseActivity configChanges and themes. -->
229-->[androidx.lifecycle:lifecycle-process:2.2.0] AndroidManifest.xml:29:13-40
230        <activity
230-->[com.google.android.gms:play-services-ads-lite:20.4.0] AndroidManifest.xml:49:9-53:64
231            android:name="com.google.android.gms.ads.AdActivity"
231-->[com.google.android.gms:play-services-ads-lite:20.4.0] AndroidManifest.xml:50:13-65
232            android:configChanges="keyboard|keyboardHidden|orientation|screenLayout|uiMode|screenSize|smallestScreenSize"
232-->[com.google.android.gms:play-services-ads-lite:20.4.0] AndroidManifest.xml:51:13-122
233            android:exported="false"
233-->[com.google.android.gms:play-services-ads-lite:20.4.0] AndroidManifest.xml:52:13-37
234            android:theme="@android:style/Theme.Translucent" />
234-->[com.google.android.gms:play-services-ads-lite:20.4.0] AndroidManifest.xml:53:13-61
235
236        <provider
236-->[com.google.android.gms:play-services-ads-lite:20.4.0] AndroidManifest.xml:55:9-59:39
237            android:name="com.google.android.gms.ads.MobileAdsInitProvider"
237-->[com.google.android.gms:play-services-ads-lite:20.4.0] AndroidManifest.xml:56:13-76
238            android:authorities="com.o3interactive.ijawnation.mobileadsinitprovider"
238-->[com.google.android.gms:play-services-ads-lite:20.4.0] AndroidManifest.xml:57:13-73
239            android:exported="false"
239-->[com.google.android.gms:play-services-ads-lite:20.4.0] AndroidManifest.xml:58:13-37
240            android:initOrder="100" />
240-->[com.google.android.gms:play-services-ads-lite:20.4.0] AndroidManifest.xml:59:13-36
241
242        <service
242-->[com.google.android.gms:play-services-ads-lite:20.4.0] AndroidManifest.xml:61:9-64:40
243            android:name="com.google.android.gms.ads.AdService"
243-->[com.google.android.gms:play-services-ads-lite:20.4.0] AndroidManifest.xml:62:13-64
244            android:enabled="true"
244-->[com.google.android.gms:play-services-ads-lite:20.4.0] AndroidManifest.xml:63:13-35
245            android:exported="false" />
245-->[com.google.android.gms:play-services-ads-lite:20.4.0] AndroidManifest.xml:64:13-37
246
247        <provider
247-->[androidx.work:work-runtime:2.7.0] AndroidManifest.xml:31:9-39:20
248            android:name="androidx.startup.InitializationProvider"
248-->[androidx.work:work-runtime:2.7.0] AndroidManifest.xml:32:13-67
249            android:authorities="com.o3interactive.ijawnation.androidx-startup"
249-->[androidx.work:work-runtime:2.7.0] AndroidManifest.xml:33:13-68
250            android:exported="false" >
250-->[androidx.work:work-runtime:2.7.0] AndroidManifest.xml:34:13-37
251            <meta-data
251-->[androidx.work:work-runtime:2.7.0] AndroidManifest.xml:36:13-38:52
252                android:name="androidx.work.WorkManagerInitializer"
252-->[androidx.work:work-runtime:2.7.0] AndroidManifest.xml:37:17-68
253                android:value="androidx.startup" />
253-->[androidx.work:work-runtime:2.7.0] AndroidManifest.xml:38:17-49
254        </provider>
255
256        <service
256-->[androidx.work:work-runtime:2.7.0] AndroidManifest.xml:41:9-46:35
257            android:name="androidx.work.impl.background.systemalarm.SystemAlarmService"
257-->[androidx.work:work-runtime:2.7.0] AndroidManifest.xml:42:13-88
258            android:directBootAware="false"
258-->[androidx.work:work-runtime:2.7.0] AndroidManifest.xml:43:13-44
259            android:enabled="@bool/enable_system_alarm_service_default"
259-->[androidx.work:work-runtime:2.7.0] AndroidManifest.xml:44:13-72
260            android:exported="false" />
260-->[androidx.work:work-runtime:2.7.0] AndroidManifest.xml:45:13-37
261        <service
261-->[androidx.work:work-runtime:2.7.0] AndroidManifest.xml:47:9-53:35
262            android:name="androidx.work.impl.background.systemjob.SystemJobService"
262-->[androidx.work:work-runtime:2.7.0] AndroidManifest.xml:48:13-84
263            android:directBootAware="false"
263-->[androidx.work:work-runtime:2.7.0] AndroidManifest.xml:49:13-44
264            android:enabled="@bool/enable_system_job_service_default"
264-->[androidx.work:work-runtime:2.7.0] AndroidManifest.xml:50:13-70
265            android:exported="true"
265-->[androidx.work:work-runtime:2.7.0] AndroidManifest.xml:51:13-36
266            android:permission="android.permission.BIND_JOB_SERVICE" />
266-->[androidx.work:work-runtime:2.7.0] AndroidManifest.xml:52:13-69
267        <service
267-->[androidx.work:work-runtime:2.7.0] AndroidManifest.xml:54:9-59:35
268            android:name="androidx.work.impl.foreground.SystemForegroundService"
268-->[androidx.work:work-runtime:2.7.0] AndroidManifest.xml:55:13-81
269            android:directBootAware="false"
269-->[androidx.work:work-runtime:2.7.0] AndroidManifest.xml:56:13-44
270            android:enabled="@bool/enable_system_foreground_service_default"
270-->[androidx.work:work-runtime:2.7.0] AndroidManifest.xml:57:13-77
271            android:exported="false" />
271-->[androidx.work:work-runtime:2.7.0] AndroidManifest.xml:58:13-37
272
273        <receiver
273-->[androidx.work:work-runtime:2.7.0] AndroidManifest.xml:61:9-66:35
274            android:name="androidx.work.impl.utils.ForceStopRunnable$BroadcastReceiver"
274-->[androidx.work:work-runtime:2.7.0] AndroidManifest.xml:62:13-88
275            android:directBootAware="false"
275-->[androidx.work:work-runtime:2.7.0] AndroidManifest.xml:63:13-44
276            android:enabled="true"
276-->[androidx.work:work-runtime:2.7.0] AndroidManifest.xml:64:13-35
277            android:exported="false" />
277-->[androidx.work:work-runtime:2.7.0] AndroidManifest.xml:65:13-37
278        <receiver
278-->[androidx.work:work-runtime:2.7.0] AndroidManifest.xml:67:9-77:20
279            android:name="androidx.work.impl.background.systemalarm.ConstraintProxy$BatteryChargingProxy"
279-->[androidx.work:work-runtime:2.7.0] AndroidManifest.xml:68:13-106
280            android:directBootAware="false"
280-->[androidx.work:work-runtime:2.7.0] AndroidManifest.xml:69:13-44
281            android:enabled="false"
281-->[androidx.work:work-runtime:2.7.0] AndroidManifest.xml:70:13-36
282            android:exported="false" >
282-->[androidx.work:work-runtime:2.7.0] AndroidManifest.xml:71:13-37
283            <intent-filter>
283-->[androidx.work:work-runtime:2.7.0] AndroidManifest.xml:73:13-76:29
284                <action android:name="android.intent.action.ACTION_POWER_CONNECTED" />
284-->[androidx.work:work-runtime:2.7.0] AndroidManifest.xml:74:17-87
284-->[androidx.work:work-runtime:2.7.0] AndroidManifest.xml:74:25-84
285                <action android:name="android.intent.action.ACTION_POWER_DISCONNECTED" />
285-->[androidx.work:work-runtime:2.7.0] AndroidManifest.xml:75:17-90
285-->[androidx.work:work-runtime:2.7.0] AndroidManifest.xml:75:25-87
286            </intent-filter>
287        </receiver>
288        <receiver
288-->[androidx.work:work-runtime:2.7.0] AndroidManifest.xml:78:9-88:20
289            android:name="androidx.work.impl.background.systemalarm.ConstraintProxy$BatteryNotLowProxy"
289-->[androidx.work:work-runtime:2.7.0] AndroidManifest.xml:79:13-104
290            android:directBootAware="false"
290-->[androidx.work:work-runtime:2.7.0] AndroidManifest.xml:80:13-44
291            android:enabled="false"
291-->[androidx.work:work-runtime:2.7.0] AndroidManifest.xml:81:13-36
292            android:exported="false" >
292-->[androidx.work:work-runtime:2.7.0] AndroidManifest.xml:82:13-37
293            <intent-filter>
293-->[androidx.work:work-runtime:2.7.0] AndroidManifest.xml:84:13-87:29
294                <action android:name="android.intent.action.BATTERY_OKAY" />
294-->[androidx.work:work-runtime:2.7.0] AndroidManifest.xml:85:17-77
294-->[androidx.work:work-runtime:2.7.0] AndroidManifest.xml:85:25-74
295                <action android:name="android.intent.action.BATTERY_LOW" />
295-->[androidx.work:work-runtime:2.7.0] AndroidManifest.xml:86:17-76
295-->[androidx.work:work-runtime:2.7.0] AndroidManifest.xml:86:25-73
296            </intent-filter>
297        </receiver>
298        <receiver